<?xml version="1.0" encoding="UTF-8"?>
<!-- Generated by org.testng.reporters.JUnitXMLReporter -->
<testsuite ignored="0" hostname="LAPTOP-IR93OOCS" failures="0" tests="3" name="Default test" time="52.883" errors="0" timestamp="2021-09-22T16:19:01 IST">
  <testcase classname="com.AutomationTalks.MyProject1.TestClass1" name="Test1" time="14.906"/>
  <testcase classname="com.AutomationTalks.MyProject1.TestClass1" name="Test2" time="22.599"/>
  <testcase classname="com.AutomationTalks.MyProject1.TestClass1" name="Test3" time="6.927"/>
</testsuite> <!-- Default test -->
