<?xml version="1.0" encoding="UTF-8"?>
<!-- Generated by org.testng.reporters.JUnitXMLReporter -->
<testsuite ignored="0" hostname="LAPTOP-IR93OOCS" failures="0" tests="3" name="Test" time="0.651" errors="0" timestamp="2021-09-22T15:34:16 IST">
  <testcase classname="com.AutomationTalks.MyProject1.TestClass1" name="@BeforeMethod launchDriver" time="0.591">
    <failure type="java.lang.NoSuchMethodError" message="&amp;apos;java.util.stream.Collector com.google.common.collect.ImmutableList.toImmutableList()&amp;apos;">
      <![CDATA[java.lang.NoSuchMethodError: 'java.util.stream.Collector com.google.common.collect.ImmutableList.toImmutableList()'
at org.openqa.selenium.remote.CapabilitiesUtils.makeW3CSafe(CapabilitiesUtils.java:98)
at org.openqa.selenium.remote.CapabilitiesUtils.makeW3CSafe(CapabilitiesUtils.java:70)
at java.base/java.util.stream.ReferencePipeline$7$1.accept(ReferencePipeline.java:271)
at java.base/java.util.Collections$2.tryAdvance(Collections.java:4820)
at java.base/java.util.Collections$2.forEachRemaining(Collections.java:4828)
at java.base/java.util.stream.AbstractPipeline.copyInto(AbstractPipeline.java:484)
at java.base/java.util.stream.AbstractPipeline.wrapAndCopyInto(AbstractPipeline.java:474)
at java.base/java.util.stream.ReduceOps$ReduceOp.evaluateSequential(ReduceOps.java:913)
at java.base/java.util.stream.AbstractPipeline.evaluate(AbstractPipeline.java:234)
at java.base/java.util.stream.ReferencePipeline.collect(ReferencePipeline.java:578)
at org.openqa.selenium.remote.DriverCommand.NEW_SESSION(DriverCommand.java:65)
at org.openqa.selenium.remote.RemoteWebDriver.startSession(RemoteWebDriver.java:244)
at org.openqa.selenium.remote.RemoteWebDriver.<init>(RemoteWebDriver.java:166)
at org.openqa.selenium.chromium.ChromiumDriver.<init>(ChromiumDriver.java:89)
at org.openqa.selenium.chrome.ChromeDriver.<init>(ChromeDriver.java:99)
at org.openqa.selenium.chrome.ChromeDriver.<init>(ChromeDriver.java:86)
at org.openqa.selenium.chrome.ChromeDriver.<init>(ChromeDriver.java:41)
at com.AutomationTalks.MyProject1.TestClass1.launchDriver(TestClass1.java:13)
at java.base/java.util.ArrayList.forEach(ArrayList.java:1511)
... Removed 31 stack frames]]>
    </failure>
  </testcase> <!-- @BeforeMethod launchDriver -->
  <testcase classname="com.AutomationTalks.MyProject1.TestClass1" name="@AfterMethod quit" time="-1.632305056239E9">
    <skipped/>
  </testcase> <!-- @AfterMethod quit -->
  <testcase classname="com.AutomationTalks.MyProject1.TestClass1" name="@BeforeMethod launchDriver" time="-1.632305056241E9">
    <skipped/>
  </testcase> <!-- @BeforeMethod launchDriver -->
  <testcase classname="com.AutomationTalks.MyProject1.TestClass1" name="@AfterMethod quit" time="-1.632305056245E9">
    <skipped/>
  </testcase> <!-- @AfterMethod quit -->
  <testcase classname="com.AutomationTalks.MyProject1.TestClass1" name="@BeforeMethod launchDriver" time="-1.632305056246E9">
    <skipped/>
  </testcase> <!-- @BeforeMethod launchDriver -->
  <testcase classname="com.AutomationTalks.MyProject1.TestClass1" name="@AfterMethod quit" time="-1.632305056251E9">
    <skipped/>
  </testcase> <!-- @AfterMethod quit -->
  <testcase classname="com.AutomationTalks.MyProject1.TestClass1" name="Test1" time="0.0">
    <skipped/>
  </testcase> <!-- Test1 -->
  <testcase classname="com.AutomationTalks.MyProject1.TestClass1" name="Test2" time="0.0">
    <skipped/>
  </testcase> <!-- Test2 -->
  <testcase classname="com.AutomationTalks.MyProject1.TestClass1" name="Test3" time="0.0">
    <skipped/>
  </testcase> <!-- Test3 -->
</testsuite> <!-- Test -->
