<?xml version="1.0" encoding="UTF-8"?>
<testng-results ignored="0" total="3" passed="3" failed="0" skipped="0">
  <reporter-output>
  </reporter-output>
  <suite started-at="2021-09-22T16:18:08 IST" name="Default suite" finished-at="2021-09-22T16:19:01 IST" duration-ms="52883">
    <groups>
    </groups>
    <test started-at="2021-09-22T16:18:08 IST" name="Default test" finished-at="2021-09-22T16:19:01 IST" duration-ms="52883">
      <class name="com.AutomationTalks.MyProject1.TestClass1">
        <test-method is-config="true" signature="launchDriver()[pri:0, instance:com.AutomationTalks.MyProject1.TestClass1@34f7cfd9]" started-at="2021-09-22T16:18:08 IST" name="launchDriver" finished-at="2021-09-22T16:18:10 IST" duration-ms="1965" status="PASS">
          <reporter-output>
          </reporter-output>
        </test-method> <!-- launchDriver -->
        <test-method signature="Test1()[pri:0, instance:com.AutomationTalks.MyProject1.TestClass1@34f7cfd9]" started-at="2021-09-22T16:18:10 IST" name="Test1" finished-at="2021-09-22T16:18:25 IST" duration-ms="14906" status="PASS">
          <reporter-output>
          </reporter-output>
        </test-method> <!-- Test1 -->
        <test-method is-config="true" signature="quit()[pri:0, instance:com.AutomationTalks.MyProject1.TestClass1@34f7cfd9]" started-at="2021-09-22T16:18:25 IST" name="quit" finished-at="2021-09-22T16:18:26 IST" duration-ms="700" status="PASS">
          <reporter-output>
          </reporter-output>
        </test-method> <!-- quit -->
        <test-method is-config="true" signature="launchDriver()[pri:0, instance:com.AutomationTalks.MyProject1.TestClass1@34f7cfd9]" started-at="2021-09-22T16:18:26 IST" name="launchDriver" finished-at="2021-09-22T16:18:27 IST" duration-ms="1323" status="PASS">
          <reporter-output>
          </reporter-output>
        </test-method> <!-- launchDriver -->
        <test-method signature="Test2()[pri:0, instance:com.AutomationTalks.MyProject1.TestClass1@34f7cfd9]" started-at="2021-09-22T16:18:27 IST" name="Test2" finished-at="2021-09-22T16:18:49 IST" duration-ms="22599" status="PASS">
          <reporter-output>
          </reporter-output>
        </test-method> <!-- Test2 -->
        <test-method is-config="true" signature="quit()[pri:0, instance:com.AutomationTalks.MyProject1.TestClass1@34f7cfd9]" started-at="2021-09-22T16:18:49 IST" name="quit" finished-at="2021-09-22T16:18:50 IST" duration-ms="717" status="PASS">
          <reporter-output>
          </reporter-output>
        </test-method> <!-- quit -->
        <test-method is-config="true" signature="launchDriver()[pri:0, instance:com.AutomationTalks.MyProject1.TestClass1@34f7cfd9]" started-at="2021-09-22T16:18:50 IST" name="launchDriver" finished-at="2021-09-22T16:18:53 IST" duration-ms="2996" status="PASS">
          <reporter-output>
          </reporter-output>
        </test-method> <!-- launchDriver -->
        <test-method signature="Test3()[pri:0, instance:com.AutomationTalks.MyProject1.TestClass1@34f7cfd9]" started-at="2021-09-22T16:18:53 IST" name="Test3" finished-at="2021-09-22T16:19:00 IST" duration-ms="6927" status="PASS">
          <reporter-output>
          </reporter-output>
        </test-method> <!-- Test3 -->
        <test-method is-config="true" signature="quit()[pri:0, instance:com.AutomationTalks.MyProject1.TestClass1@34f7cfd9]" started-at="2021-09-22T16:19:00 IST" name="quit" finished-at="2021-09-22T16:19:01 IST" duration-ms="706" status="PASS">
          <reporter-output>
          </reporter-output>
        </test-method> <!-- quit -->
      </class> <!-- com.AutomationTalks.MyProject1.TestClass1 -->
    </test> <!-- Default test -->
  </suite> <!-- Default suite -->
</testng-results>
